2018-07-04 19:40:49 [scrapy.utils.log] INFO: Scrapy 1.5.0 started (bot: carInfo)
2018-07-04 19:40:49 [scrapy.utils.log] INFO: Versions: lxml 4.2.1.0, libxml2 2.9.5, cssselect 1.0.3, parsel 1.4.0, w3lib 1.19.0, Twisted 18.4.0, Python 2.7.13 (v2.7.13:a06454b1afa1, Dec 17 2016, 20:53:40) [MSC v.1500 64 bit (AMD64)], pyOpenSSL 18.0.0 (OpenSSL 1.1.0h  27 Mar 2018), cryptography 2.2.2, Platform Windows-10-10.0.17134
2018-07-04 19:40:49 [scrapy.crawler] INFO: Overridden settings: {'NEWSPIDER_MODULE': 'carInfo.spiders', 'DUPEFILTER_CLASS': 'scrapy_redis.dupefilter.RFPDupeFilter', 'SPIDER_LOADER_WARN_ONLY': True, 'SPIDER_MODULES': ['carInfo.spiders'], 'BOT_NAME': 'carInfo', 'COOKIES_ENABLED': False, 'SCHEDULER': 'scrapy_redis.scheduler.Scheduler', 'LOG_FILE': 'car.log'}
2018-07-04 19:40:49 [scrapy.middleware] INFO: Enabled extensions:
['scrapy.extensions.logstats.LogStats',
 'scrapy.extensions.telnet.TelnetConsole',
 'scrapy.extensions.corestats.CoreStats']
2018-07-04 19:40:49 [carinfo] INFO: Reading start URLs from redis key 'carspider:start_urls' (batch size: 16, encoding: utf-8
2018-07-04 19:40:49 [scrapy.middleware] INFO: Enabled downloader middlewares:
['carInfo.middlewares.RandomUserAgent',
 'scrapy.downloadermiddlewares.httpauth.HttpAuthMiddleware',
 'scrapy.downloadermiddlewares.downloadtimeout.DownloadTimeoutMiddleware',
 'scrapy.downloadermiddlewares.defaultheaders.DefaultHeadersMiddleware',
 'scrapy.downloadermiddlewares.useragent.UserAgentMiddleware',
 'scrapy.downloadermiddlewares.retry.RetryMiddleware',
 'scrapy.downloadermiddlewares.redirect.MetaRefreshMiddleware',
 'scrapy.downloadermiddlewares.httpcompression.HttpCompressionMiddleware',
 'scrapy.downloadermiddlewares.redirect.RedirectMiddleware',
 'scrapy.downloadermiddlewares.httpproxy.HttpProxyMiddleware',
 'scrapy.downloadermiddlewares.stats.DownloaderStats']
2018-07-04 19:40:49 [scrapy.middleware] INFO: Enabled spider middlewares:
['scrapy.spidermiddlewares.httperror.HttpErrorMiddleware',
 'scrapy.spidermiddlewares.offsite.OffsiteMiddleware',
 'scrapy.spidermiddlewares.referer.RefererMiddleware',
 'scrapy.spidermiddlewares.urllength.UrlLengthMiddleware',
 'scrapy.spidermiddlewares.depth.DepthMiddleware']
2018-07-04 19:40:49 [scrapy.middleware] INFO: Enabled item pipelines:
['scrapy_redis.pipelines.RedisPipeline']
2018-07-04 19:40:49 [scrapy.core.engine] INFO: Spider opened
2018-07-04 19:40:49 [scrapy.extensions.logstats] INFO: Crawled 0 pages (at 0 pages/min), scraped 0 items (at 0 items/min)
2018-07-04 19:40:49 [scrapy.extensions.telnet] DEBUG: Telnet console listening on 127.0.0.1:6023
2018-07-04 19:41:25 [scrapy.crawler] INFO: Received SIGINT, shutting down gracefully. Send again to force 
2018-07-04 19:41:25 [scrapy.core.engine] INFO: Closing spider (shutdown)
2018-07-04 19:41:25 [scrapy.statscollectors] INFO: Dumping Scrapy stats:
{'finish_reason': 'shutdown',
 'finish_time': datetime.datetime(2018, 7, 4, 11, 41, 25, 914000),
 'log_count/DEBUG': 1,
 'log_count/INFO': 9,
 'start_time': datetime.datetime(2018, 7, 4, 11, 40, 49, 911000)}
2018-07-04 19:41:25 [scrapy.core.engine] INFO: Spider closed (shutdown)
